TN:
SF:/home/poiresel/Documents/Git/AirSwapProtocol/airswap-protocols/contracts/common/contracts/Imports.sol
FNF:0
FNH:0
LF:0
LH:0
BRF:0
BRH:0
end_of_record
TN:
SF:/home/poiresel/Documents/Git/AirSwapProtocol/airswap-protocols/contracts/common/contracts/MockTransfers.sol
FN:13,send
FN:20,transferAny
FN:27,safeTransferAny
FNF:3
FNH:3
FNDA:1,send
FNDA:2,transferAny
FNDA:5,safeTransferAny
DA:17,1
DA:24,2
DA:33,5
LF:3
LH:3
BRF:0
BRH:0
end_of_record
TN:
SF:/home/poiresel/Documents/Git/AirSwapProtocol/airswap-protocols/contracts/common/contracts/MockTypes.sol
FN:11,hashParty
FN:15,hashOrder
FN:19,hashDomain
FNF:3
FNH:3
FNDA:1,hashParty
FNDA:1,hashOrder
FNDA:1,hashDomain
DA:12,1
DA:16,1
DA:24,1
LF:3
LH:3
BRF:0
BRH:0
end_of_record
