{"contracts/Imports.sol":{"l":{},"path":"/home/poiresel/Documents/Git/AirSwapProtocol/airswap-protocols/contracts/common/contracts/Imports.sol","s":{},"b":{},"f":{},"fnMap":{},"statementMap":{},"branchMap":{}},"contracts/MockTransfers.sol":{"l":{"17":1,"24":2,"33":5},"path":"/home/poiresel/Documents/Git/AirSwapProtocol/airswap-protocols/contracts/common/contracts/MockTransfers.sol","s":{"1":1,"2":2,"3":5},"b":{},"f":{"1":1,"2":2,"3":5},"fnMap":{"1":{"name":"send","line":13,"loc":{"start":{"line":13,"column":2},"end":{"line":16,"column":20}}},"2":{"name":"transferAny","line":20,"loc":{"start":{"line":20,"column":2},"end":{"line":23,"column":28}}},"3":{"name":"safeTransferAny","line":27,"loc":{"start":{"line":27,"column":2},"end":{"line":32,"column":12}}}},"statementMap":{"1":{"start":{"line":17,"column":4},"end":{"line":17,"column":36}},"2":{"start":{"line":24,"column":4},"end":{"line":24,"column":52}},"3":{"start":{"line":33,"column":4},"end":{"line":33,"column":662}}},"branchMap":{}},"contracts/MockTypes.sol":{"l":{"12":1,"16":1,"24":1},"path":"/home/poiresel/Documents/Git/AirSwapProtocol/airswap-protocols/contracts/common/contracts/MockTypes.sol","s":{"1":1,"2":1,"3":1},"b":{},"f":{"1":1,"2":1,"3":1},"fnMap":{"1":{"name":"hashParty","line":11,"loc":{"start":{"line":11,"column":2},"end":{"line":11,"column":77}}},"2":{"name":"hashOrder","line":15,"loc":{"start":{"line":15,"column":2},"end":{"line":15,"column":103}}},"3":{"name":"hashDomain","line":19,"loc":{"start":{"line":19,"column":2},"end":{"line":23,"column":35}}}},"statementMap":{"1":{"start":{"line":12,"column":4},"end":{"line":12,"column":34}},"2":{"start":{"line":16,"column":4},"end":{"line":16,"column":52}},"3":{"start":{"line":24,"column":4},"end":{"line":24,"column":64}}},"branchMap":{}}}