{"contracts/Imports.sol":{"l":{},"path":"/home/poiresel/Documents/Git/AirSwapProtocol/airswap-protocols/contracts/wrapper/contracts/Imports.sol","s":{},"b":{},"f":{},"fnMap":{},"statementMap":{},"branchMap":{}},"contracts/Wrapper.sol":{"l":{"44":4,"45":4,"83":12,"86":9,"90":7,"94":5,"97":5,"101":3,"106":6,"119":6,"121":2,"123":2,"125":2,"129":6,"133":4},"path":"/home/poiresel/Documents/Git/AirSwapProtocol/airswap-protocols/contracts/wrapper/contracts/Wrapper.sol","s":{"1":4,"2":4,"3":12,"4":9,"5":7,"6":5,"7":5,"8":3,"9":6,"10":6,"11":2,"12":2,"13":2,"14":6,"15":4},"b":{"1":[9,3],"2":[7,2],"3":[5,2],"4":[1,2],"5":[2,4],"6":[4,2],"7":[4,0]},"f":{"1":4,"2":1,"3":12},"fnMap":{"1":{"name":"constructor","line":40,"loc":{"start":{"line":40,"column":2},"end":{"line":43,"column":12}}},"2":{"name":"","line":51,"loc":{"start":{"line":51,"column":2},"end":{"line":51,"column":29}}},"3":{"name":"swapSimple","line":68,"loc":{"start":{"line":68,"column":2},"end":{"line":80,"column":20}}}},"statementMap":{"1":{"start":{"line":44,"column":4},"end":{"line":44,"column":38}},"2":{"start":{"line":45,"column":4},"end":{"line":45,"column":38}},"3":{"start":{"line":83,"column":4},"end":{"line":83,"column":2090}},"4":{"start":{"line":86,"column":6},"end":{"line":86,"column":2216}},"5":{"start":{"line":90,"column":6},"end":{"line":90,"column":2347}},"6":{"start":{"line":94,"column":6},"end":{"line":94,"column":42}},"7":{"start":{"line":97,"column":6},"end":{"line":97,"column":59}},"8":{"start":{"line":101,"column":6},"end":{"line":101,"column":2656}},"9":{"start":{"line":106,"column":4},"end":{"line":106,"column":2723}},"10":{"start":{"line":119,"column":4},"end":{"line":119,"column":2961}},"11":{"start":{"line":121,"column":6},"end":{"line":121,"column":73}},"12":{"start":{"line":123,"column":6},"end":{"line":123,"column":40}},"13":{"start":{"line":125,"column":6},"end":{"line":125,"column":38}},"14":{"start":{"line":129,"column":4},"end":{"line":129,"column":3365}},"15":{"start":{"line":133,"column":4},"end":{"line":133,"column":3494}}},"branchMap":{"1":{"line":83,"type":"if","locations":[{"start":{"line":83,"column":4},"end":{"line":83,"column":4}},{"start":{"line":83,"column":4},"end":{"line":83,"column":4}}]},"2":{"line":86,"type":"if","locations":[{"start":{"line":86,"column":6},"end":{"line":86,"column":6}},{"start":{"line":86,"column":6},"end":{"line":86,"column":6}}]},"3":{"line":90,"type":"if","locations":[{"start":{"line":90,"column":6},"end":{"line":90,"column":6}},{"start":{"line":90,"column":6},"end":{"line":90,"column":6}}]},"4":{"line":101,"type":"if","locations":[{"start":{"line":101,"column":6},"end":{"line":101,"column":6}},{"start":{"line":101,"column":6},"end":{"line":101,"column":6}}]},"5":{"line":119,"type":"if","locations":[{"start":{"line":119,"column":4},"end":{"line":119,"column":4}},{"start":{"line":119,"column":4},"end":{"line":119,"column":4}}]},"6":{"line":129,"type":"if","locations":[{"start":{"line":129,"column":4},"end":{"line":129,"column":4}},{"start":{"line":129,"column":4},"end":{"line":129,"column":4}}]},"7":{"line":133,"type":"if","locations":[{"start":{"line":133,"column":4},"end":{"line":133,"column":4}},{"start":{"line":133,"column":4},"end":{"line":133,"column":4}}]}}}}