{"contracts/Imports.sol":{"l":{},"path":"/home/poiresel/Documents/Git/AirSwapProtocol/airswap-protocols/contracts/market/contracts/Imports.sol","s":{},"b":{},"f":{},"fnMap":{},"statementMap":{},"branchMap":{}},"contracts/Market.sol":{"l":{"91":3,"92":3,"95":3,"96":3,"97":3,"114":6,"117":6,"119":6,"121":6,"134":2,"135":0,"138":2,"140":2,"141":2,"153":23,"156":20,"158":3,"165":0,"177":12,"178":12,"179":0,"181":12,"184":12,"187":12,"188":12,"189":68,"190":52,"191":52,"193":16,"194":7,"198":61,"209":4,"210":4,"211":4,"213":4,"214":0,"217":4,"218":4,"219":17,"220":14,"222":3,"223":3,"224":3,"227":14,"230":17,"241":14,"252":8,"254":8,"256":0,"268":6,"270":6,"272":1,"276":5,"277":8,"279":5,"294":6,"295":0,"299":6,"302":6,"303":6,"305":6,"318":17,"319":17,"329":5,"332":5,"333":5,"336":5},"path":"/home/poiresel/Documents/Git/AirSwapProtocol/airswap-protocols/contracts/market/contracts/Market.sol","s":{"1":3,"2":3,"3":3,"4":3,"5":3,"6":6,"7":6,"8":6,"9":6,"10":2,"11":0,"12":2,"13":2,"14":2,"15":23,"16":20,"17":3,"18":0,"19":12,"20":12,"21":0,"22":12,"23":12,"24":12,"25":12,"26":68,"27":52,"28":52,"29":16,"30":61,"31":4,"32":4,"33":4,"34":4,"35":0,"36":4,"37":4,"38":17,"39":14,"40":3,"41":3,"42":3,"43":17,"44":14,"45":8,"46":8,"47":0,"48":6,"49":6,"50":1,"51":5,"52":8,"53":5,"54":6,"55":0,"56":6,"57":6,"58":6,"59":6,"60":17,"61":17,"62":5,"63":5},"b":{"1":[6,0],"2":[0,2],"3":[20,3],"4":[0,12],"5":[52,16],"6":[7,9],"7":[0,4],"8":[14,3],"9":[3,11],"10":[8,0],"11":[1,5],"12":[0,6]},"f":{"1":3,"2":6,"3":2,"4":23,"5":0,"6":12,"7":4,"8":14,"9":8,"10":6,"11":6,"12":17,"13":5},"fnMap":{"1":{"name":"constructor","line":85,"loc":{"start":{"line":85,"column":2},"end":{"line":88,"column":12}}},"2":{"name":"setIntent","line":108,"loc":{"start":{"line":108,"column":2},"end":{"line":113,"column":24}}},"3":{"name":"unsetIntent","line":129,"loc":{"start":{"line":129,"column":2},"end":{"line":131,"column":37}}},"4":{"name":"getIntent","line":148,"loc":{"start":{"line":148,"column":2},"end":{"line":150,"column":41}}},"5":{"name":"getLength","line":164,"loc":{"start":{"line":164,"column":2},"end":{"line":164,"column":52}}},"6":{"name":"fetchIntents","line":172,"loc":{"start":{"line":172,"column":2},"end":{"line":174,"column":51}}},"7":{"name":"cleanExpiredIntents","line":208,"loc":{"start":{"line":208,"column":2},"end":{"line":208,"column":79}}},"8":{"name":"isIntentExpired","line":240,"loc":{"start":{"line":240,"column":2},"end":{"line":240,"column":65}}},"9":{"name":"hasIntent","line":248,"loc":{"start":{"line":248,"column":2},"end":{"line":250,"column":32}}},"10":{"name":"findPosition","line":263,"loc":{"start":{"line":263,"column":2},"end":{"line":265,"column":43}}},"11":{"name":"insertIntent","line":288,"loc":{"start":{"line":288,"column":2},"end":{"line":291,"column":29}}},"12":{"name":"link","line":314,"loc":{"start":{"line":314,"column":2},"end":{"line":317,"column":14}}},"13":{"name":"removeIntent","line":327,"loc":{"start":{"line":327,"column":2},"end":{"line":327,"column":49}}}},"statementMap":{"1":{"start":{"line":91,"column":4},"end":{"line":91,"column":27}},"2":{"start":{"line":92,"column":4},"end":{"line":92,"column":27}},"3":{"start":{"line":95,"column":4},"end":{"line":95,"column":52}},"4":{"start":{"line":96,"column":4},"end":{"line":96,"column":39}},"5":{"start":{"line":97,"column":4},"end":{"line":97,"column":39}},"6":{"start":{"line":114,"column":4},"end":{"line":114,"column":73}},"7":{"start":{"line":117,"column":4},"end":{"line":117,"column":2830}},"8":{"start":{"line":119,"column":6},"end":{"line":119,"column":24}},"9":{"start":{"line":121,"column":6},"end":{"line":121,"column":81}},"10":{"start":{"line":134,"column":4},"end":{"line":134,"column":3287}},"11":{"start":{"line":135,"column":6},"end":{"line":135,"column":18}},"12":{"start":{"line":138,"column":4},"end":{"line":138,"column":24}},"13":{"start":{"line":140,"column":4},"end":{"line":140,"column":53}},"14":{"start":{"line":141,"column":4},"end":{"line":141,"column":15}},"15":{"start":{"line":153,"column":4},"end":{"line":153,"column":3679}},"16":{"start":{"line":156,"column":6},"end":{"line":156,"column":77}},"17":{"start":{"line":158,"column":4},"end":{"line":158,"column":44}},"18":{"start":{"line":165,"column":4},"end":{"line":165,"column":17}},"19":{"start":{"line":177,"column":4},"end":{"line":177,"column":26}},"20":{"start":{"line":178,"column":4},"end":{"line":178,"column":4310}},"21":{"start":{"line":179,"column":6},"end":{"line":179,"column":19}},"22":{"start":{"line":181,"column":4},"end":{"line":181,"column":32}},"23":{"start":{"line":184,"column":4},"end":{"line":184,"column":57}},"24":{"start":{"line":187,"column":4},"end":{"line":187,"column":17}},"25":{"start":{"line":188,"column":4},"end":{"line":188,"column":4581}},"26":{"start":{"line":189,"column":6},"end":{"line":189,"column":4609}},"27":{"start":{"line":190,"column":8},"end":{"line":190,"column":33}},"28":{"start":{"line":191,"column":8},"end":{"line":191,"column":16}},"29":{"start":{"line":193,"column":8},"end":{"line":193,"column":4729}},"30":{"start":{"line":198,"column":6},"end":{"line":198,"column":52}},"31":{"start":{"line":209,"column":4},"end":{"line":209,"column":26}},"32":{"start":{"line":210,"column":4},"end":{"line":210,"column":35}},"33":{"start":{"line":211,"column":4},"end":{"line":211,"column":26}},"34":{"start":{"line":213,"column":4},"end":{"line":213,"column":5259}},"35":{"start":{"line":214,"column":6},"end":{"line":214,"column":19}},"36":{"start":{"line":217,"column":4},"end":{"line":217,"column":17}},"37":{"start":{"line":218,"column":4},"end":{"line":218,"column":5333}},"38":{"start":{"line":219,"column":6},"end":{"line":219,"column":5361}},"39":{"start":{"line":220,"column":8},"end":{"line":220,"column":5393}},"40":{"start":{"line":222,"column":10},"end":{"line":222,"column":64}},"41":{"start":{"line":223,"column":10},"end":{"line":223,"column":29}},"42":{"start":{"line":224,"column":10},"end":{"line":224,"column":32}},"43":{"start":{"line":230,"column":6},"end":{"line":230,"column":52}},"44":{"start":{"line":241,"column":4},"end":{"line":241,"column":43}},"45":{"start":{"line":252,"column":4},"end":{"line":252,"column":6301}},"46":{"start":{"line":254,"column":6},"end":{"line":254,"column":17}},"47":{"start":{"line":256,"column":4},"end":{"line":256,"column":16}},"48":{"start":{"line":268,"column":4},"end":{"line":268,"column":57}},"49":{"start":{"line":270,"column":4},"end":{"line":270,"column":6806}},"50":{"start":{"line":272,"column":6},"end":{"line":272,"column":51}},"51":{"start":{"line":276,"column":4},"end":{"line":276,"column":6997}},"52":{"start":{"line":277,"column":6},"end":{"line":277,"column":52}},"53":{"start":{"line":279,"column":4},"end":{"line":279,"column":17}},"54":{"start":{"line":294,"column":4},"end":{"line":294,"column":7500}},"55":{"start":{"line":295,"column":6},"end":{"line":295,"column":18}},"56":{"start":{"line":299,"column":4},"end":{"line":299,"column":78}},"57":{"start":{"line":302,"column":4},"end":{"line":302,"column":35}},"58":{"start":{"line":303,"column":4},"end":{"line":303,"column":32}},"59":{"start":{"line":305,"column":4},"end":{"line":305,"column":15}},"60":{"start":{"line":318,"column":4},"end":{"line":318,"column":49}},"61":{"start":{"line":319,"column":4},"end":{"line":319,"column":49}},"62":{"start":{"line":329,"column":4},"end":{"line":329,"column":75}},"63":{"start":{"line":336,"column":4},"end":{"line":336,"column":22}}},"branchMap":{"1":{"line":117,"type":"if","locations":[{"start":{"line":117,"column":4},"end":{"line":117,"column":4}},{"start":{"line":117,"column":4},"end":{"line":117,"column":4}}]},"2":{"line":134,"type":"if","locations":[{"start":{"line":134,"column":4},"end":{"line":134,"column":4}},{"start":{"line":134,"column":4},"end":{"line":134,"column":4}}]},"3":{"line":153,"type":"if","locations":[{"start":{"line":153,"column":4},"end":{"line":153,"column":4}},{"start":{"line":153,"column":4},"end":{"line":153,"column":4}}]},"4":{"line":178,"type":"if","locations":[{"start":{"line":178,"column":4},"end":{"line":178,"column":4}},{"start":{"line":178,"column":4},"end":{"line":178,"column":4}}]},"5":{"line":189,"type":"if","locations":[{"start":{"line":189,"column":6},"end":{"line":189,"column":6}},{"start":{"line":189,"column":6},"end":{"line":189,"column":6}}]},"6":{"line":193,"type":"if","locations":[{"start":{"line":193,"column":8},"end":{"line":193,"column":8}},{"start":{"line":193,"column":8},"end":{"line":193,"column":8}}]},"7":{"line":213,"type":"if","locations":[{"start":{"line":213,"column":4},"end":{"line":213,"column":4}},{"start":{"line":213,"column":4},"end":{"line":213,"column":4}}]},"8":{"line":219,"type":"if","locations":[{"start":{"line":219,"column":6},"end":{"line":219,"column":6}},{"start":{"line":219,"column":6},"end":{"line":219,"column":6}}]},"9":{"line":220,"type":"if","locations":[{"start":{"line":220,"column":8},"end":{"line":220,"column":8}},{"start":{"line":220,"column":8},"end":{"line":220,"column":8}}]},"10":{"line":252,"type":"if","locations":[{"start":{"line":252,"column":4},"end":{"line":252,"column":4}},{"start":{"line":252,"column":4},"end":{"line":252,"column":4}}]},"11":{"line":270,"type":"if","locations":[{"start":{"line":270,"column":4},"end":{"line":270,"column":4}},{"start":{"line":270,"column":4},"end":{"line":270,"column":4}}]},"12":{"line":294,"type":"if","locations":[{"start":{"line":294,"column":4},"end":{"line":294,"column":4}},{"start":{"line":294,"column":4},"end":{"line":294,"column":4}}]}}}}