{"contracts/Imports.sol":{"l":{},"path":"/home/poiresel/Documents/Git/AirSwapProtocol/airswap-protocols/contracts/swap/contracts/Imports.sol","s":{},"b":{},"f":{},"fnMap":{},"statementMap":{},"branchMap":{}},"contracts/Swap.sol":{"l":{"55":4,"77":47,"81":45,"85":43,"89":41,"93":37,"96":37,"98":37,"103":1,"110":36,"111":7,"115":32,"120":33,"125":1,"133":32,"137":28,"143":23,"148":7,"152":5,"159":16,"163":12,"174":17,"183":13,"184":2,"193":13,"233":11,"237":9,"240":9,"244":9,"246":9,"249":1,"254":8,"255":3,"259":6,"264":7,"269":1,"275":6,"290":5,"293":5,"296":1,"300":1,"305":4,"309":4,"314":5,"316":5,"332":5,"333":7,"334":6,"335":6,"347":2,"348":2,"361":13,"362":11,"363":7,"364":7,"374":4,"375":4,"388":44,"389":22,"403":28,"404":6,"413":22,"414":20,"426":2,"459":6},"path":"/home/poiresel/Documents/Git/AirSwapProtocol/airswap-protocols/contracts/swap/contracts/Swap.sol","s":{"1":4,"2":47,"3":45,"4":43,"5":41,"6":37,"7":37,"8":37,"9":1,"10":36,"11":7,"12":32,"13":33,"14":1,"15":32,"16":28,"17":23,"18":7,"19":5,"20":16,"21":12,"22":17,"23":13,"24":2,"25":13,"26":11,"27":9,"28":9,"29":9,"30":9,"31":1,"32":8,"33":3,"34":6,"35":7,"36":1,"37":6,"38":5,"39":5,"40":1,"41":1,"42":4,"43":4,"44":5,"45":5,"46":5,"47":7,"48":6,"49":6,"50":2,"51":2,"52":13,"53":11,"54":7,"55":7,"56":4,"57":44,"58":22,"59":22,"60":28,"61":6,"62":22,"63":20,"64":2,"65":6},"b":{"1":[45,2],"2":[43,2],"3":[41,2],"4":[37,4],"5":[1,36],"6":[7,29],"7":[3,4],"8":[1,32],"9":[1,0],"10":[28,4],"11":[22,6],"12":[7,16],"13":[5,2],"14":[12,4],"15":[2,11],"16":[9,2],"17":[9,0],"18":[9,0],"19":[1,8],"20":[3,5],"21":[1,2],"22":[1,6],"23":[1,0],"24":[4,2],"25":[1,4],"26":[1,0],"27":[4,0],"28":[6,1],"29":[11,2],"30":[7,4],"31":[22,22],"32":[6,22],"33":[20,2]},"f":{"1":4,"2":47,"3":11,"4":5,"5":2,"6":13,"7":4,"8":44,"9":28,"10":6},"fnMap":{"1":{"name":"constructor","line":54,"loc":{"start":{"line":54,"column":2},"end":{"line":54,"column":22}}},"2":{"name":"swap","line":69,"loc":{"start":{"line":69,"column":2},"end":{"line":74,"column":3}}},"3":{"name":"swapSimple","line":216,"loc":{"start":{"line":216,"column":2},"end":{"line":230,"column":3}}},"4":{"name":"cancel","line":329,"loc":{"start":{"line":329,"column":2},"end":{"line":331,"column":14}}},"5":{"name":"invalidate","line":344,"loc":{"start":{"line":344,"column":2},"end":{"line":346,"column":14}}},"6":{"name":"authorize","line":357,"loc":{"start":{"line":357,"column":2},"end":{"line":360,"column":14}}},"7":{"name":"revoke","line":371,"loc":{"start":{"line":371,"column":2},"end":{"line":373,"column":14}}},"8":{"name":"isAuthorized","line":384,"loc":{"start":{"line":384,"column":2},"end":{"line":387,"column":34}}},"9":{"name":"isValid","line":398,"loc":{"start":{"line":398,"column":2},"end":{"line":402,"column":34}}},"10":{"name":"isValidSimple","line":445,"loc":{"start":{"line":445,"column":2},"end":{"line":458,"column":34}}}},"statementMap":{"1":{"start":{"line":55,"column":4},"end":{"line":55,"column":1830}},"2":{"start":{"line":77,"column":4},"end":{"line":77,"column":2303}},"3":{"start":{"line":81,"column":4},"end":{"line":81,"column":2426}},"4":{"start":{"line":85,"column":4},"end":{"line":85,"column":2583}},"5":{"start":{"line":89,"column":4},"end":{"line":89,"column":2737}},"6":{"start":{"line":93,"column":4},"end":{"line":93,"column":62}},"7":{"start":{"line":96,"column":4},"end":{"line":96,"column":28}},"8":{"start":{"line":98,"column":4},"end":{"line":98,"column":2991}},"9":{"start":{"line":103,"column":6},"end":{"line":103,"column":34}},"10":{"start":{"line":110,"column":6},"end":{"line":110,"column":3385}},"11":{"start":{"line":111,"column":8},"end":{"line":111,"column":3459}},"12":{"start":{"line":115,"column":6},"end":{"line":115,"column":43}},"13":{"start":{"line":120,"column":4},"end":{"line":120,"column":3675}},"14":{"start":{"line":125,"column":6},"end":{"line":125,"column":3900}},"15":{"start":{"line":133,"column":6},"end":{"line":133,"column":4172}},"16":{"start":{"line":137,"column":6},"end":{"line":137,"column":4311}},"17":{"start":{"line":143,"column":4},"end":{"line":143,"column":4425}},"18":{"start":{"line":148,"column":6},"end":{"line":148,"column":4643}},"19":{"start":{"line":152,"column":6},"end":{"line":152,"column":51}},"20":{"start":{"line":159,"column":6},"end":{"line":159,"column":4987}},"21":{"start":{"line":163,"column":6},"end":{"line":163,"column":5072}},"22":{"start":{"line":174,"column":4},"end":{"line":174,"column":5288}},"23":{"start":{"line":183,"column":4},"end":{"line":183,"column":5504}},"24":{"start":{"line":184,"column":6},"end":{"line":184,"column":5557}},"25":{"start":{"line":193,"column":4},"end":{"line":193,"column":5745}},"26":{"start":{"line":233,"column":4},"end":{"line":233,"column":6835}},"27":{"start":{"line":237,"column":4},"end":{"line":237,"column":6960}},"28":{"start":{"line":240,"column":4},"end":{"line":240,"column":7025}},"29":{"start":{"line":244,"column":4},"end":{"line":244,"column":28}},"30":{"start":{"line":246,"column":4},"end":{"line":246,"column":7164}},"31":{"start":{"line":249,"column":6},"end":{"line":249,"column":34}},"32":{"start":{"line":254,"column":6},"end":{"line":254,"column":7357}},"33":{"start":{"line":255,"column":8},"end":{"line":255,"column":7424}},"34":{"start":{"line":259,"column":6},"end":{"line":259,"column":36}},"35":{"start":{"line":264,"column":4},"end":{"line":264,"column":7584}},"36":{"start":{"line":269,"column":6},"end":{"line":269,"column":7798}},"37":{"start":{"line":275,"column":6},"end":{"line":275,"column":7955}},"38":{"start":{"line":290,"column":4},"end":{"line":290,"column":49}},"39":{"start":{"line":293,"column":4},"end":{"line":293,"column":8337}},"40":{"start":{"line":296,"column":6},"end":{"line":296,"column":8457}},"41":{"start":{"line":300,"column":6},"end":{"line":300,"column":44}},"42":{"start":{"line":305,"column":6},"end":{"line":305,"column":8676}},"43":{"start":{"line":309,"column":6},"end":{"line":309,"column":84}},"44":{"start":{"line":314,"column":4},"end":{"line":314,"column":82}},"45":{"start":{"line":316,"column":4},"end":{"line":316,"column":8982}},"46":{"start":{"line":332,"column":4},"end":{"line":332,"column":9373}},"47":{"start":{"line":333,"column":6},"end":{"line":333,"column":9428}},"48":{"start":{"line":334,"column":8},"end":{"line":334,"column":58}},"49":{"start":{"line":335,"column":8},"end":{"line":335,"column":43}},"50":{"start":{"line":347,"column":4},"end":{"line":347,"column":48}},"51":{"start":{"line":348,"column":4},"end":{"line":348,"column":46}},"52":{"start":{"line":361,"column":4},"end":{"line":361,"column":60}},"53":{"start":{"line":362,"column":4},"end":{"line":362,"column":61}},"54":{"start":{"line":363,"column":4},"end":{"line":363,"column":53}},"55":{"start":{"line":364,"column":4},"end":{"line":364,"column":50}},"56":{"start":{"line":375,"column":4},"end":{"line":375,"column":38}},"57":{"start":{"line":388,"column":4},"end":{"line":388,"column":43}},"58":{"start":{"line":388,"column":32},"end":{"line":388,"column":43}},"59":{"start":{"line":389,"column":4},"end":{"line":389,"column":71}},"60":{"start":{"line":403,"column":4},"end":{"line":403,"column":11281}},"61":{"start":{"line":404,"column":6},"end":{"line":404,"column":11330}},"62":{"start":{"line":413,"column":4},"end":{"line":413,"column":11528}},"63":{"start":{"line":414,"column":6},"end":{"line":414,"column":11577}},"64":{"start":{"line":426,"column":4},"end":{"line":426,"column":16}},"65":{"start":{"line":459,"column":4},"end":{"line":459,"column":12698}}},"branchMap":{"1":{"line":77,"type":"if","locations":[{"start":{"line":77,"column":4},"end":{"line":77,"column":4}},{"start":{"line":77,"column":4},"end":{"line":77,"column":4}}]},"2":{"line":81,"type":"if","locations":[{"start":{"line":81,"column":4},"end":{"line":81,"column":4}},{"start":{"line":81,"column":4},"end":{"line":81,"column":4}}]},"3":{"line":85,"type":"if","locations":[{"start":{"line":85,"column":4},"end":{"line":85,"column":4}},{"start":{"line":85,"column":4},"end":{"line":85,"column":4}}]},"4":{"line":89,"type":"if","locations":[{"start":{"line":89,"column":4},"end":{"line":89,"column":4}},{"start":{"line":89,"column":4},"end":{"line":89,"column":4}}]},"5":{"line":98,"type":"if","locations":[{"start":{"line":98,"column":4},"end":{"line":98,"column":4}},{"start":{"line":98,"column":4},"end":{"line":98,"column":4}}]},"6":{"line":110,"type":"if","locations":[{"start":{"line":110,"column":6},"end":{"line":110,"column":6}},{"start":{"line":110,"column":6},"end":{"line":110,"column":6}}]},"7":{"line":111,"type":"if","locations":[{"start":{"line":111,"column":8},"end":{"line":111,"column":8}},{"start":{"line":111,"column":8},"end":{"line":111,"column":8}}]},"8":{"line":120,"type":"if","locations":[{"start":{"line":120,"column":4},"end":{"line":120,"column":4}},{"start":{"line":120,"column":4},"end":{"line":120,"column":4}}]},"9":{"line":125,"type":"if","locations":[{"start":{"line":125,"column":6},"end":{"line":125,"column":6}},{"start":{"line":125,"column":6},"end":{"line":125,"column":6}}]},"10":{"line":133,"type":"if","locations":[{"start":{"line":133,"column":6},"end":{"line":133,"column":6}},{"start":{"line":133,"column":6},"end":{"line":133,"column":6}}]},"11":{"line":137,"type":"if","locations":[{"start":{"line":137,"column":6},"end":{"line":137,"column":6}},{"start":{"line":137,"column":6},"end":{"line":137,"column":6}}]},"12":{"line":143,"type":"if","locations":[{"start":{"line":143,"column":4},"end":{"line":143,"column":4}},{"start":{"line":143,"column":4},"end":{"line":143,"column":4}}]},"13":{"line":148,"type":"if","locations":[{"start":{"line":148,"column":6},"end":{"line":148,"column":6}},{"start":{"line":148,"column":6},"end":{"line":148,"column":6}}]},"14":{"line":159,"type":"if","locations":[{"start":{"line":159,"column":6},"end":{"line":159,"column":6}},{"start":{"line":159,"column":6},"end":{"line":159,"column":6}}]},"15":{"line":183,"type":"if","locations":[{"start":{"line":183,"column":4},"end":{"line":183,"column":4}},{"start":{"line":183,"column":4},"end":{"line":183,"column":4}}]},"16":{"line":233,"type":"if","locations":[{"start":{"line":233,"column":4},"end":{"line":233,"column":4}},{"start":{"line":233,"column":4},"end":{"line":233,"column":4}}]},"17":{"line":237,"type":"if","locations":[{"start":{"line":237,"column":4},"end":{"line":237,"column":4}},{"start":{"line":237,"column":4},"end":{"line":237,"column":4}}]},"18":{"line":240,"type":"if","locations":[{"start":{"line":240,"column":4},"end":{"line":240,"column":4}},{"start":{"line":240,"column":4},"end":{"line":240,"column":4}}]},"19":{"line":246,"type":"if","locations":[{"start":{"line":246,"column":4},"end":{"line":246,"column":4}},{"start":{"line":246,"column":4},"end":{"line":246,"column":4}}]},"20":{"line":254,"type":"if","locations":[{"start":{"line":254,"column":6},"end":{"line":254,"column":6}},{"start":{"line":254,"column":6},"end":{"line":254,"column":6}}]},"21":{"line":255,"type":"if","locations":[{"start":{"line":255,"column":8},"end":{"line":255,"column":8}},{"start":{"line":255,"column":8},"end":{"line":255,"column":8}}]},"22":{"line":264,"type":"if","locations":[{"start":{"line":264,"column":4},"end":{"line":264,"column":4}},{"start":{"line":264,"column":4},"end":{"line":264,"column":4}}]},"23":{"line":269,"type":"if","locations":[{"start":{"line":269,"column":6},"end":{"line":269,"column":6}},{"start":{"line":269,"column":6},"end":{"line":269,"column":6}}]},"24":{"line":275,"type":"if","locations":[{"start":{"line":275,"column":6},"end":{"line":275,"column":6}},{"start":{"line":275,"column":6},"end":{"line":275,"column":6}}]},"25":{"line":293,"type":"if","locations":[{"start":{"line":293,"column":4},"end":{"line":293,"column":4}},{"start":{"line":293,"column":4},"end":{"line":293,"column":4}}]},"26":{"line":296,"type":"if","locations":[{"start":{"line":296,"column":6},"end":{"line":296,"column":6}},{"start":{"line":296,"column":6},"end":{"line":296,"column":6}}]},"27":{"line":305,"type":"if","locations":[{"start":{"line":305,"column":6},"end":{"line":305,"column":6}},{"start":{"line":305,"column":6},"end":{"line":305,"column":6}}]},"28":{"line":333,"type":"if","locations":[{"start":{"line":333,"column":6},"end":{"line":333,"column":6}},{"start":{"line":333,"column":6},"end":{"line":333,"column":6}}]},"29":{"line":361,"type":"if","locations":[{"start":{"line":361,"column":4},"end":{"line":361,"column":4}},{"start":{"line":361,"column":4},"end":{"line":361,"column":4}}]},"30":{"line":362,"type":"if","locations":[{"start":{"line":362,"column":4},"end":{"line":362,"column":4}},{"start":{"line":362,"column":4},"end":{"line":362,"column":4}}]},"31":{"line":388,"type":"if","locations":[{"start":{"line":388,"column":4},"end":{"line":388,"column":4}},{"start":{"line":388,"column":4},"end":{"line":388,"column":4}}]},"32":{"line":403,"type":"if","locations":[{"start":{"line":403,"column":4},"end":{"line":403,"column":4}},{"start":{"line":403,"column":4},"end":{"line":403,"column":4}}]},"33":{"line":413,"type":"if","locations":[{"start":{"line":413,"column":4},"end":{"line":413,"column":4}},{"start":{"line":413,"column":4},"end":{"line":413,"column":4}}]}}}}