{"contracts/Delegate.sol":{"l":{"46":4,"57":3,"77":15,"83":15,"104":3,"106":3,"127":11,"130":11,"133":9,"135":7,"140":7,"141":6,"145":5,"163":6,"166":6,"169":5,"173":5,"174":2,"177":4,"195":2,"198":2,"201":1,"206":1,"240":10,"243":10,"247":8,"251":6,"256":4,"263":4,"296":0},"path":"/home/poiresel/Documents/Git/AirSwapProtocol/airswap-protocols/contracts/delegate/contracts/Delegate.sol","s":{"1":4,"2":3,"3":15,"4":15,"5":3,"6":11,"7":11,"8":9,"9":7,"10":7,"11":6,"12":5,"13":6,"14":6,"15":5,"16":5,"17":2,"18":4,"19":2,"20":2,"21":1,"22":1,"23":10,"24":10,"25":8,"26":6,"27":4,"28":4,"29":0},"b":{"1":[9,2],"2":[7,2],"3":[6,1],"4":[5,1],"5":[2,3],"6":[1,1],"7":[8,2],"8":[6,2],"9":[4,2]},"f":{"1":4,"2":3,"3":15,"4":3,"5":11,"6":6,"7":2,"8":10,"9":0},"fnMap":{"1":{"name":"constructor","line":43,"loc":{"start":{"line":43,"column":2},"end":{"line":45,"column":12}}},"2":{"name":"setSwapContract","line":54,"loc":{"start":{"line":54,"column":2},"end":{"line":56,"column":24}}},"3":{"name":"setRule","line":69,"loc":{"start":{"line":69,"column":2},"end":{"line":75,"column":24}}},"4":{"name":"unsetRule","line":98,"loc":{"start":{"line":98,"column":2},"end":{"line":101,"column":24}}},"5":{"name":"getBuyQuote","line":119,"loc":{"start":{"line":119,"column":2},"end":{"line":125,"column":5}}},"6":{"name":"getSellQuote","line":155,"loc":{"start":{"line":155,"column":2},"end":{"line":161,"column":5}}},"7":{"name":"getMaxQuote","line":187,"loc":{"start":{"line":187,"column":2},"end":{"line":193,"column":5}}},"8":{"name":"provideOrder","line":224,"loc":{"start":{"line":224,"column":2},"end":{"line":236,"column":20}}},"9":{"name":"provideUnsignedOrder","line":286,"loc":{"start":{"line":286,"column":2},"end":{"line":292,"column":20}}}},"statementMap":{"1":{"start":{"line":46,"column":4},"end":{"line":46,"column":44}},"2":{"start":{"line":57,"column":4},"end":{"line":57,"column":40}},"3":{"start":{"line":77,"column":4},"end":{"line":77,"column":2697}},"4":{"start":{"line":83,"column":4},"end":{"line":83,"column":2852}},"5":{"start":{"line":106,"column":4},"end":{"line":106,"column":3467}},"6":{"start":{"line":127,"column":4},"end":{"line":127,"column":58}},"7":{"start":{"line":130,"column":4},"end":{"line":130,"column":4148}},"8":{"start":{"line":133,"column":6},"end":{"line":133,"column":4263}},"9":{"start":{"line":135,"column":8},"end":{"line":135,"column":4349}},"10":{"start":{"line":140,"column":8},"end":{"line":140,"column":4497}},"11":{"start":{"line":141,"column":10},"end":{"line":141,"column":31}},"12":{"start":{"line":145,"column":4},"end":{"line":145,"column":12}},"13":{"start":{"line":163,"column":4},"end":{"line":163,"column":58}},"14":{"start":{"line":166,"column":4},"end":{"line":166,"column":5208}},"15":{"start":{"line":169,"column":6},"end":{"line":169,"column":5335}},"16":{"start":{"line":173,"column":6},"end":{"line":173,"column":5468}},"17":{"start":{"line":174,"column":8},"end":{"line":174,"column":29}},"18":{"start":{"line":177,"column":4},"end":{"line":177,"column":12}},"19":{"start":{"line":195,"column":4},"end":{"line":195,"column":58}},"20":{"start":{"line":198,"column":4},"end":{"line":198,"column":6187}},"21":{"start":{"line":201,"column":6},"end":{"line":201,"column":6299}},"22":{"start":{"line":206,"column":4},"end":{"line":206,"column":17}},"23":{"start":{"line":240,"column":4},"end":{"line":240,"column":58}},"24":{"start":{"line":243,"column":4},"end":{"line":243,"column":7848}},"25":{"start":{"line":247,"column":4},"end":{"line":247,"column":7979}},"26":{"start":{"line":251,"column":4},"end":{"line":251,"column":8117}},"27":{"start":{"line":256,"column":4},"end":{"line":256,"column":8288}},"28":{"start":{"line":263,"column":4},"end":{"line":263,"column":8499}},"29":{"start":{"line":296,"column":4},"end":{"line":296,"column":9493}}},"branchMap":{"1":{"line":130,"type":"if","locations":[{"start":{"line":130,"column":4},"end":{"line":130,"column":4}},{"start":{"line":130,"column":4},"end":{"line":130,"column":4}}]},"2":{"line":133,"type":"if","locations":[{"start":{"line":133,"column":6},"end":{"line":133,"column":6}},{"start":{"line":133,"column":6},"end":{"line":133,"column":6}}]},"3":{"line":140,"type":"if","locations":[{"start":{"line":140,"column":8},"end":{"line":140,"column":8}},{"start":{"line":140,"column":8},"end":{"line":140,"column":8}}]},"4":{"line":166,"type":"if","locations":[{"start":{"line":166,"column":4},"end":{"line":166,"column":4}},{"start":{"line":166,"column":4},"end":{"line":166,"column":4}}]},"5":{"line":173,"type":"if","locations":[{"start":{"line":173,"column":6},"end":{"line":173,"column":6}},{"start":{"line":173,"column":6},"end":{"line":173,"column":6}}]},"6":{"line":198,"type":"if","locations":[{"start":{"line":198,"column":4},"end":{"line":198,"column":4}},{"start":{"line":198,"column":4},"end":{"line":198,"column":4}}]},"7":{"line":243,"type":"if","locations":[{"start":{"line":243,"column":4},"end":{"line":243,"column":4}},{"start":{"line":243,"column":4},"end":{"line":243,"column":4}}]},"8":{"line":247,"type":"if","locations":[{"start":{"line":247,"column":4},"end":{"line":247,"column":4}},{"start":{"line":247,"column":4},"end":{"line":247,"column":4}}]},"9":{"line":251,"type":"if","locations":[{"start":{"line":251,"column":4},"end":{"line":251,"column":4}},{"start":{"line":251,"column":4},"end":{"line":251,"column":4}}]}}},"contracts/Imports.sol":{"l":{},"path":"/home/poiresel/Documents/Git/AirSwapProtocol/airswap-protocols/contracts/delegate/contracts/Imports.sol","s":{},"b":{},"f":{},"fnMap":{},"statementMap":{},"branchMap":{}}}