{"contracts/Consumer.sol":{"l":{"45":0,"46":0,"67":0,"68":0,"71":0,"74":0,"77":0,"80":0,"84":0,"85":0,"86":0,"91":0,"109":0,"110":0,"113":0,"117":0,"120":0,"123":0,"126":0,"135":0,"138":0},"path":"/home/poiresel/Documents/Git/AirSwapProtocol/airswap-protocols/contracts/consumer/contracts/Consumer.sol","s":{"1":0,"2":0,"3":0,"4":0,"5":0,"6":0,"7":0,"8":0,"9":0,"10":0,"11":0,"12":0,"13":0,"14":0,"15":0,"16":0,"17":0,"18":0,"19":0,"20":0,"21":0},"b":{"1":[0,0]},"f":{"1":0,"2":0,"3":0},"fnMap":{"1":{"name":"constructor","line":41,"loc":{"start":{"line":41,"column":2},"end":{"line":44,"column":12}}},"2":{"name":"findBestBuy","line":60,"loc":{"start":{"line":60,"column":2},"end":{"line":65,"column":44}}},"3":{"name":"takeBestBuy","line":102,"loc":{"start":{"line":102,"column":2},"end":{"line":107,"column":12}}}},"statementMap":{"1":{"start":{"line":45,"column":4},"end":{"line":45,"column":38}},"2":{"start":{"line":46,"column":4},"end":{"line":46,"column":47}},"3":{"start":{"line":67,"column":4},"end":{"line":67,"column":39}},"4":{"start":{"line":68,"column":4},"end":{"line":68,"column":35}},"5":{"start":{"line":71,"column":4},"end":{"line":71,"column":106}},"6":{"start":{"line":74,"column":4},"end":{"line":74,"column":2436}},"7":{"start":{"line":77,"column":6},"end":{"line":77,"column":71}},"8":{"start":{"line":80,"column":6},"end":{"line":80,"column":2719}},"9":{"start":{"line":84,"column":6},"end":{"line":84,"column":2829}},"10":{"start":{"line":85,"column":8},"end":{"line":85,"column":62}},"11":{"start":{"line":86,"column":8},"end":{"line":86,"column":34}},"12":{"start":{"line":91,"column":4},"end":{"line":91,"column":52}},"13":{"start":{"line":109,"column":4},"end":{"line":109,"column":37}},"14":{"start":{"line":110,"column":4},"end":{"line":110,"column":26}},"15":{"start":{"line":113,"column":4},"end":{"line":113,"column":3853}},"16":{"start":{"line":117,"column":4},"end":{"line":117,"column":81}},"17":{"start":{"line":120,"column":4},"end":{"line":120,"column":72}},"18":{"start":{"line":123,"column":4},"end":{"line":123,"column":69}},"19":{"start":{"line":126,"column":4},"end":{"line":126,"column":4342}},"20":{"start":{"line":135,"column":4},"end":{"line":135,"column":49}},"21":{"start":{"line":138,"column":4},"end":{"line":138,"column":69}}},"branchMap":{"1":{"line":84,"type":"if","locations":[{"start":{"line":84,"column":6},"end":{"line":84,"column":6}},{"start":{"line":84,"column":6},"end":{"line":84,"column":6}}]}}},"contracts/Imports.sol":{"l":{},"path":"/home/poiresel/Documents/Git/AirSwapProtocol/airswap-protocols/contracts/consumer/contracts/Imports.sol","s":{},"b":{},"f":{},"fnMap":{},"statementMap":{},"branchMap":{}}}