TN:
SF:/home/poiresel/Documents/Git/AirSwapProtocol/airswap-protocols/contracts/market/contracts/Imports.sol
FNF:0
FNH:0
LF:0
LH:0
BRF:0
BRH:0
end_of_record
TN:
SF:/home/poiresel/Documents/Git/AirSwapProtocol/airswap-protocols/contracts/market/contracts/Market.sol
FN:85,constructor
FN:108,setIntent
FN:129,unsetIntent
FN:148,getIntent
FN:164,getLength
FN:172,fetchIntents
FN:208,cleanExpiredIntents
FN:240,isIntentExpired
FN:248,hasIntent
FN:263,findPosition
FN:288,insertIntent
FN:314,link
FN:327,removeIntent
FNF:13
FNH:12
FNDA:3,constructor
FNDA:6,setIntent
FNDA:2,unsetIntent
FNDA:23,getIntent
FNDA:0,getLength
FNDA:12,fetchIntents
FNDA:4,cleanExpiredIntents
FNDA:14,isIntentExpired
FNDA:8,hasIntent
FNDA:6,findPosition
FNDA:6,insertIntent
FNDA:17,link
FNDA:5,removeIntent
DA:91,3
DA:92,3
DA:95,3
DA:96,3
DA:97,3
DA:114,6
DA:117,6
DA:119,6
DA:121,6
DA:134,2
DA:135,0
DA:138,2
DA:140,2
DA:141,2
DA:153,23
DA:156,20
DA:158,3
DA:165,0
DA:177,12
DA:178,12
DA:179,0
DA:181,12
DA:184,12
DA:187,12
DA:188,12
DA:189,68
DA:190,52
DA:191,52
DA:193,16
DA:194,7
DA:198,61
DA:209,4
DA:210,4
DA:211,4
DA:213,4
DA:214,0
DA:217,4
DA:218,4
DA:219,17
DA:220,14
DA:222,3
DA:223,3
DA:224,3
DA:227,14
DA:230,17
DA:241,14
DA:252,8
DA:254,8
DA:256,0
DA:268,6
DA:270,6
DA:272,1
DA:276,5
DA:277,8
DA:279,5
DA:294,6
DA:295,0
DA:299,6
DA:302,6
DA:303,6
DA:305,6
DA:318,17
DA:319,17
DA:329,5
DA:332,5
DA:333,5
DA:336,5
LF:67
LH:61
BRDA:117,1,0,6
BRDA:117,1,1,0
BRDA:134,2,0,0
BRDA:134,2,1,2
BRDA:153,3,0,20
BRDA:153,3,1,3
BRDA:178,4,0,0
BRDA:178,4,1,12
BRDA:189,5,0,52
BRDA:189,5,1,16
BRDA:193,6,0,7
BRDA:193,6,1,9
BRDA:213,7,0,0
BRDA:213,7,1,4
BRDA:219,8,0,14
BRDA:219,8,1,3
BRDA:220,9,0,3
BRDA:220,9,1,11
BRDA:252,10,0,8
BRDA:252,10,1,0
BRDA:270,11,0,1
BRDA:270,11,1,5
BRDA:294,12,0,0
BRDA:294,12,1,6
BRF:24
BRH:18
end_of_record
