{"contracts/Imports.sol":{"l":{},"path":"/home/poiresel/Documents/Git/AirSwapProtocol/airswap-protocols/contracts/indexer/contracts/Imports.sol","s":{},"b":{},"f":{},"fnMap":{},"statementMap":{},"branchMap":{}},"contracts/Indexer.sol":{"l":{"52":5,"53":5,"54":5,"70":25,"72":16,"73":16,"77":25,"93":6,"96":6,"99":6,"109":2,"110":2,"120":5,"121":5,"122":5,"133":4,"134":3,"135":3,"158":38,"162":32,"166":26,"170":22,"173":16,"176":12,"179":12,"199":6,"202":4,"218":3,"222":3,"225":3,"229":3,"232":3,"233":3,"248":0,"251":0,"272":2,"275":2,"278":2,"282":0,"300":2,"303":2,"306":0},"path":"/home/poiresel/Documents/Git/AirSwapProtocol/airswap-protocols/contracts/indexer/contracts/Indexer.sol","s":{"1":5,"2":5,"3":5,"4":25,"5":16,"6":16,"7":25,"8":6,"9":6,"10":6,"11":2,"12":2,"13":5,"14":5,"15":5,"16":4,"17":3,"18":3,"19":38,"20":32,"21":26,"22":22,"23":16,"24":12,"25":12,"26":6,"27":4,"28":3,"29":3,"30":3,"31":3,"32":3,"33":3,"34":0,"35":0,"36":2,"37":2,"38":2,"39":0,"40":2,"41":2,"42":0},"b":{"1":[16,9],"2":[5,0],"3":[3,1],"4":[32,6],"5":[26,6],"6":[22,4],"7":[16,6],"8":[12,4],"9":[3,0],"10":[3,0],"11":[2,0],"12":[2,0],"13":[2,0]},"f":{"1":5,"2":25,"3":6,"4":2,"5":5,"6":4,"7":38,"8":6,"9":3,"10":0,"11":2,"12":2},"fnMap":{"1":{"name":"constructor","line":48,"loc":{"start":{"line":48,"column":2},"end":{"line":51,"column":12}}},"2":{"name":"createMarket","line":64,"loc":{"start":{"line":64,"column":2},"end":{"line":67,"column":30}}},"3":{"name":"createTwoSidedMarket","line":87,"loc":{"start":{"line":87,"column":2},"end":{"line":90,"column":39}}},"4":{"name":"setStakeMinimum","line":106,"loc":{"start":{"line":106,"column":2},"end":{"line":108,"column":24}}},"5":{"name":"addToBlacklist","line":117,"loc":{"start":{"line":117,"column":2},"end":{"line":119,"column":24}}},"6":{"name":"removeFromBlacklist","line":130,"loc":{"start":{"line":130,"column":2},"end":{"line":132,"column":24}}},"7":{"name":"setIntent","line":149,"loc":{"start":{"line":149,"column":2},"end":{"line":155,"column":12}}},"8":{"name":"setTwoSidedIntent","line":191,"loc":{"start":{"line":191,"column":2},"end":{"line":197,"column":12}}},"9":{"name":"unsetIntent","line":212,"loc":{"start":{"line":212,"column":2},"end":{"line":215,"column":12}}},"10":{"name":"unsetTwoSidedIntent","line":243,"loc":{"start":{"line":243,"column":2},"end":{"line":246,"column":12}}},"11":{"name":"getIntents","line":263,"loc":{"start":{"line":263,"column":2},"end":{"line":269,"column":5}}},"12":{"name":"lengthOf","line":292,"loc":{"start":{"line":292,"column":2},"end":{"line":297,"column":5}}}},"statementMap":{"1":{"start":{"line":52,"column":4},"end":{"line":52,"column":35}},"2":{"start":{"line":53,"column":4},"end":{"line":53,"column":31}},"3":{"start":{"line":54,"column":4},"end":{"line":54,"column":39}},"4":{"start":{"line":70,"column":4},"end":{"line":70,"column":2049}},"5":{"start":{"line":72,"column":6},"end":{"line":72,"column":77}},"6":{"start":{"line":73,"column":6},"end":{"line":73,"column":49}},"7":{"start":{"line":77,"column":4},"end":{"line":77,"column":53}},"8":{"start":{"line":93,"column":4},"end":{"line":93,"column":58}},"9":{"start":{"line":96,"column":4},"end":{"line":96,"column":58}},"10":{"start":{"line":99,"column":4},"end":{"line":99,"column":33}},"11":{"start":{"line":109,"column":4},"end":{"line":109,"column":31}},"12":{"start":{"line":110,"column":4},"end":{"line":110,"column":39}},"13":{"start":{"line":120,"column":4},"end":{"line":120,"column":3420}},"14":{"start":{"line":121,"column":6},"end":{"line":121,"column":40}},"15":{"start":{"line":122,"column":6},"end":{"line":122,"column":33}},"16":{"start":{"line":133,"column":4},"end":{"line":133,"column":3708}},"17":{"start":{"line":134,"column":6},"end":{"line":134,"column":26}},"18":{"start":{"line":135,"column":6},"end":{"line":135,"column":38}},"19":{"start":{"line":158,"column":4},"end":{"line":158,"column":4326}},"20":{"start":{"line":162,"column":4},"end":{"line":162,"column":4464}},"21":{"start":{"line":166,"column":4},"end":{"line":166,"column":4601}},"22":{"start":{"line":170,"column":4},"end":{"line":170,"column":4706}},"23":{"start":{"line":173,"column":4},"end":{"line":173,"column":4810}},"24":{"start":{"line":176,"column":4},"end":{"line":176,"column":70}},"25":{"start":{"line":179,"column":4},"end":{"line":179,"column":86}},"26":{"start":{"line":199,"column":4},"end":{"line":199,"column":62}},"27":{"start":{"line":202,"column":4},"end":{"line":202,"column":62}},"28":{"start":{"line":218,"column":4},"end":{"line":218,"column":6042}},"29":{"start":{"line":222,"column":4},"end":{"line":222,"column":89}},"30":{"start":{"line":225,"column":4},"end":{"line":225,"column":6298}},"31":{"start":{"line":229,"column":4},"end":{"line":229,"column":60}},"32":{"start":{"line":232,"column":4},"end":{"line":232,"column":49}},"33":{"start":{"line":233,"column":4},"end":{"line":233,"column":69}},"34":{"start":{"line":248,"column":4},"end":{"line":248,"column":36}},"35":{"start":{"line":251,"column":4},"end":{"line":251,"column":36}},"36":{"start":{"line":272,"column":4},"end":{"line":272,"column":7551}},"37":{"start":{"line":275,"column":6},"end":{"line":275,"column":7661}},"38":{"start":{"line":278,"column":8},"end":{"line":278,"column":69}},"39":{"start":{"line":282,"column":4},"end":{"line":282,"column":27}},"40":{"start":{"line":300,"column":4},"end":{"line":300,"column":8225}},"41":{"start":{"line":303,"column":6},"end":{"line":303,"column":58}},"42":{"start":{"line":306,"column":4},"end":{"line":306,"column":12}}},"branchMap":{"1":{"line":70,"type":"if","locations":[{"start":{"line":70,"column":4},"end":{"line":70,"column":4}},{"start":{"line":70,"column":4},"end":{"line":70,"column":4}}]},"2":{"line":120,"type":"if","locations":[{"start":{"line":120,"column":4},"end":{"line":120,"column":4}},{"start":{"line":120,"column":4},"end":{"line":120,"column":4}}]},"3":{"line":133,"type":"if","locations":[{"start":{"line":133,"column":4},"end":{"line":133,"column":4}},{"start":{"line":133,"column":4},"end":{"line":133,"column":4}}]},"4":{"line":158,"type":"if","locations":[{"start":{"line":158,"column":4},"end":{"line":158,"column":4}},{"start":{"line":158,"column":4},"end":{"line":158,"column":4}}]},"5":{"line":162,"type":"if","locations":[{"start":{"line":162,"column":4},"end":{"line":162,"column":4}},{"start":{"line":162,"column":4},"end":{"line":162,"column":4}}]},"6":{"line":166,"type":"if","locations":[{"start":{"line":166,"column":4},"end":{"line":166,"column":4}},{"start":{"line":166,"column":4},"end":{"line":166,"column":4}}]},"7":{"line":170,"type":"if","locations":[{"start":{"line":170,"column":4},"end":{"line":170,"column":4}},{"start":{"line":170,"column":4},"end":{"line":170,"column":4}}]},"8":{"line":173,"type":"if","locations":[{"start":{"line":173,"column":4},"end":{"line":173,"column":4}},{"start":{"line":173,"column":4},"end":{"line":173,"column":4}}]},"9":{"line":218,"type":"if","locations":[{"start":{"line":218,"column":4},"end":{"line":218,"column":4}},{"start":{"line":218,"column":4},"end":{"line":218,"column":4}}]},"10":{"line":225,"type":"if","locations":[{"start":{"line":225,"column":4},"end":{"line":225,"column":4}},{"start":{"line":225,"column":4},"end":{"line":225,"column":4}}]},"11":{"line":272,"type":"if","locations":[{"start":{"line":272,"column":4},"end":{"line":272,"column":4}},{"start":{"line":272,"column":4},"end":{"line":272,"column":4}}]},"12":{"line":275,"type":"if","locations":[{"start":{"line":275,"column":6},"end":{"line":275,"column":6}},{"start":{"line":275,"column":6},"end":{"line":275,"column":6}}]},"13":{"line":300,"type":"if","locations":[{"start":{"line":300,"column":4},"end":{"line":300,"column":4}},{"start":{"line":300,"column":4},"end":{"line":300,"column":4}}]}}}}