TN:
SF:/home/poiresel/Documents/Git/AirSwapProtocol/airswap-protocols/contracts/indexer/contracts/Imports.sol
FNF:0
FNH:0
LF:0
LH:0
BRF:0
BRH:0
end_of_record
TN:
SF:/home/poiresel/Documents/Git/AirSwapProtocol/airswap-protocols/contracts/indexer/contracts/Indexer.sol
FN:48,constructor
FN:64,createMarket
FN:87,createTwoSidedMarket
FN:106,setStakeMinimum
FN:117,addToBlacklist
FN:130,removeFromBlacklist
FN:149,setIntent
FN:191,setTwoSidedIntent
FN:212,unsetIntent
FN:243,unsetTwoSidedIntent
FN:263,getIntents
FN:292,lengthOf
FNF:12
FNH:11
FNDA:5,constructor
FNDA:25,createMarket
FNDA:6,createTwoSidedMarket
FNDA:2,setStakeMinimum
FNDA:5,addToBlacklist
FNDA:4,removeFromBlacklist
FNDA:38,setIntent
FNDA:6,setTwoSidedIntent
FNDA:3,unsetIntent
FNDA:0,unsetTwoSidedIntent
FNDA:2,getIntents
FNDA:2,lengthOf
DA:52,5
DA:53,5
DA:54,5
DA:70,25
DA:72,16
DA:73,16
DA:77,25
DA:93,6
DA:96,6
DA:99,6
DA:109,2
DA:110,2
DA:120,5
DA:121,5
DA:122,5
DA:133,4
DA:134,3
DA:135,3
DA:158,38
DA:162,32
DA:166,26
DA:170,22
DA:173,16
DA:176,12
DA:179,12
DA:199,6
DA:202,4
DA:218,3
DA:222,3
DA:225,3
DA:229,3
DA:232,3
DA:233,3
DA:248,0
DA:251,0
DA:272,2
DA:275,2
DA:278,2
DA:282,0
DA:300,2
DA:303,2
DA:306,0
LF:42
LH:38
BRDA:70,1,0,16
BRDA:70,1,1,9
BRDA:120,2,0,5
BRDA:120,2,1,0
BRDA:133,3,0,3
BRDA:133,3,1,1
BRDA:158,4,0,32
BRDA:158,4,1,6
BRDA:162,5,0,26
BRDA:162,5,1,6
BRDA:166,6,0,22
BRDA:166,6,1,4
BRDA:170,7,0,16
BRDA:170,7,1,6
BRDA:173,8,0,12
BRDA:173,8,1,4
BRDA:218,9,0,3
BRDA:218,9,1,0
BRDA:225,10,0,3
BRDA:225,10,1,0
BRDA:272,11,0,2
BRDA:272,11,1,0
BRDA:275,12,0,2
BRDA:275,12,1,0
BRDA:300,13,0,2
BRDA:300,13,1,0
BRF:26
BRH:20
end_of_record
