TN:
SF:/home/poiresel/Documents/Git/AirSwapProtocol/airswap-protocols/contracts/consumer/contracts/Consumer.sol
FN:41,constructor
FN:60,findBestBuy
FN:102,takeBestBuy
FNF:3
FNH:0
FNDA:0,constructor
FNDA:0,findBestBuy
FNDA:0,takeBestBuy
DA:45,0
DA:46,0
DA:67,0
DA:68,0
DA:71,0
DA:74,0
DA:77,0
DA:80,0
DA:84,0
DA:85,0
DA:86,0
DA:91,0
DA:109,0
DA:110,0
DA:113,0
DA:117,0
DA:120,0
DA:123,0
DA:126,0
DA:135,0
DA:138,0
LF:21
LH:0
BRDA:84,1,0,0
BRDA:84,1,1,0
BRF:2
BRH:0
end_of_record
TN:
SF:/home/poiresel/Documents/Git/AirSwapProtocol/airswap-protocols/contracts/consumer/contracts/Imports.sol
FNF:0
FNH:0
LF:0
LH:0
BRF:0
BRH:0
end_of_record
