TN:
SF:/home/poiresel/Documents/Git/AirSwapProtocol/airswap-protocols/contracts/wrapper/contracts/Imports.sol
FNF:0
FNH:0
LF:0
LH:0
BRF:0
BRH:0
end_of_record
TN:
SF:/home/poiresel/Documents/Git/AirSwapProtocol/airswap-protocols/contracts/wrapper/contracts/Wrapper.sol
FN:40,constructor
FN:51,
FN:68,swapSimple
FNF:3
FNH:3
FNDA:4,constructor
FNDA:1,
FNDA:12,swapSimple
DA:44,4
DA:45,4
DA:83,12
DA:86,9
DA:90,7
DA:94,5
DA:97,5
DA:101,3
DA:106,6
DA:119,6
DA:121,2
DA:123,2
DA:125,2
DA:129,6
DA:133,4
LF:15
LH:15
BRDA:83,1,0,9
BRDA:83,1,1,3
BRDA:86,2,0,7
BRDA:86,2,1,2
BRDA:90,3,0,5
BRDA:90,3,1,2
BRDA:101,4,0,1
BRDA:101,4,1,2
BRDA:119,5,0,2
BRDA:119,5,1,4
BRDA:129,6,0,4
BRDA:129,6,1,2
BRDA:133,7,0,4
BRDA:133,7,1,0
BRF:14
BRH:13
end_of_record
