TN:
SF:/home/poiresel/Documents/Git/AirSwapProtocol/airswap-protocols/contracts/delegate/contracts/Delegate.sol
FN:43,constructor
FN:54,setSwapContract
FN:69,setRule
FN:98,unsetRule
FN:119,getBuyQuote
FN:155,getSellQuote
FN:187,getMaxQuote
FN:224,provideOrder
FN:286,provideUnsignedOrder
FNF:9
FNH:8
FNDA:4,constructor
FNDA:3,setSwapContract
FNDA:15,setRule
FNDA:3,unsetRule
FNDA:11,getBuyQuote
FNDA:6,getSellQuote
FNDA:2,getMaxQuote
FNDA:10,provideOrder
FNDA:0,provideUnsignedOrder
DA:46,4
DA:57,3
DA:77,15
DA:83,15
DA:104,3
DA:106,3
DA:127,11
DA:130,11
DA:133,9
DA:135,7
DA:140,7
DA:141,6
DA:145,5
DA:163,6
DA:166,6
DA:169,5
DA:173,5
DA:174,2
DA:177,4
DA:195,2
DA:198,2
DA:201,1
DA:206,1
DA:240,10
DA:243,10
DA:247,8
DA:251,6
DA:256,4
DA:263,4
DA:296,0
LF:30
LH:29
BRDA:130,1,0,9
BRDA:130,1,1,2
BRDA:133,2,0,7
BRDA:133,2,1,2
BRDA:140,3,0,6
BRDA:140,3,1,1
BRDA:166,4,0,5
BRDA:166,4,1,1
BRDA:173,5,0,2
BRDA:173,5,1,3
BRDA:198,6,0,1
BRDA:198,6,1,1
BRDA:243,7,0,8
BRDA:243,7,1,2
BRDA:247,8,0,6
BRDA:247,8,1,2
BRDA:251,9,0,4
BRDA:251,9,1,2
BRF:18
BRH:18
end_of_record
TN:
SF:/home/poiresel/Documents/Git/AirSwapProtocol/airswap-protocols/contracts/delegate/contracts/Imports.sol
FNF:0
FNH:0
LF:0
LH:0
BRF:0
BRH:0
end_of_record
