TN:
SF:/home/poiresel/Documents/Git/AirSwapProtocol/airswap-protocols/contracts/swap/contracts/Imports.sol
FNF:0
FNH:0
LF:0
LH:0
BRF:0
BRH:0
end_of_record
TN:
SF:/home/poiresel/Documents/Git/AirSwapProtocol/airswap-protocols/contracts/swap/contracts/Swap.sol
FN:54,constructor
FN:69,swap
FN:216,swapSimple
FN:329,cancel
FN:344,invalidate
FN:357,authorize
FN:371,revoke
FN:384,isAuthorized
FN:398,isValid
FN:445,isValidSimple
FNF:10
FNH:10
FNDA:4,constructor
FNDA:47,swap
FNDA:11,swapSimple
FNDA:5,cancel
FNDA:2,invalidate
FNDA:13,authorize
FNDA:4,revoke
FNDA:44,isAuthorized
FNDA:28,isValid
FNDA:6,isValidSimple
DA:55,4
DA:77,47
DA:81,45
DA:85,43
DA:89,41
DA:93,37
DA:96,37
DA:98,37
DA:103,1
DA:110,36
DA:111,7
DA:115,32
DA:120,33
DA:125,1
DA:133,32
DA:137,28
DA:143,23
DA:148,7
DA:152,5
DA:159,16
DA:163,12
DA:174,17
DA:183,13
DA:184,2
DA:193,13
DA:233,11
DA:237,9
DA:240,9
DA:244,9
DA:246,9
DA:249,1
DA:254,8
DA:255,3
DA:259,6
DA:264,7
DA:269,1
DA:275,6
DA:290,5
DA:293,5
DA:296,1
DA:300,1
DA:305,4
DA:309,4
DA:314,5
DA:316,5
DA:332,5
DA:333,7
DA:334,6
DA:335,6
DA:347,2
DA:348,2
DA:361,13
DA:362,11
DA:363,7
DA:364,7
DA:374,4
DA:375,4
DA:388,44
DA:389,22
DA:403,28
DA:404,6
DA:413,22
DA:414,20
DA:426,2
DA:459,6
LF:65
LH:65
BRDA:77,1,0,45
BRDA:77,1,1,2
BRDA:81,2,0,43
BRDA:81,2,1,2
BRDA:85,3,0,41
BRDA:85,3,1,2
BRDA:89,4,0,37
BRDA:89,4,1,4
BRDA:98,5,0,1
BRDA:98,5,1,36
BRDA:110,6,0,7
BRDA:110,6,1,29
BRDA:111,7,0,3
BRDA:111,7,1,4
BRDA:120,8,0,1
BRDA:120,8,1,32
BRDA:125,9,0,1
BRDA:125,9,1,0
BRDA:133,10,0,28
BRDA:133,10,1,4
BRDA:137,11,0,22
BRDA:137,11,1,6
BRDA:143,12,0,7
BRDA:143,12,1,16
BRDA:148,13,0,5
BRDA:148,13,1,2
BRDA:159,14,0,12
BRDA:159,14,1,4
BRDA:183,15,0,2
BRDA:183,15,1,11
BRDA:233,16,0,9
BRDA:233,16,1,2
BRDA:237,17,0,9
BRDA:237,17,1,0
BRDA:240,18,0,9
BRDA:240,18,1,0
BRDA:246,19,0,1
BRDA:246,19,1,8
BRDA:254,20,0,3
BRDA:254,20,1,5
BRDA:255,21,0,1
BRDA:255,21,1,2
BRDA:264,22,0,1
BRDA:264,22,1,6
BRDA:269,23,0,1
BRDA:269,23,1,0
BRDA:275,24,0,4
BRDA:275,24,1,2
BRDA:293,25,0,1
BRDA:293,25,1,4
BRDA:296,26,0,1
BRDA:296,26,1,0
BRDA:305,27,0,4
BRDA:305,27,1,0
BRDA:333,28,0,6
BRDA:333,28,1,1
BRDA:361,29,0,11
BRDA:361,29,1,2
BRDA:362,30,0,7
BRDA:362,30,1,4
BRDA:388,31,0,22
BRDA:388,31,1,22
BRDA:403,32,0,6
BRDA:403,32,1,22
BRDA:413,33,0,20
BRDA:413,33,1,2
BRF:66
BRH:60
end_of_record
